<?xml version="1.0" encoding="UTF-8"?>
<!-- Generated by org.testng.reporters.JUnitReportReporter -->
<testsuite hostname="DESKTOP-9JEKR6H" failures="0" tests="1" name="Libreryfile_Fireboult.Baseclass_FB" time="18.478" errors="0" timestamp="2023-06-23T13:23:04 IST" skipped="0">
  <testcase classname="Libreryfile_Fireboult.Baseclass_FB" name="initializebrowser" time="18.478"/>
  <system-out/>
</testsuite> <!-- Libreryfile_Fireboult.Baseclass_FB -->
